VirtualBox XPCOM Server 5.2.14_Gentoo r122571 linux.amd64 (Sep 29 2018 19:56:52) release log
00:00:00.000263 main     Log opened 2018-10-15T15:12:45.428247000Z
00:00:00.000264 main     Build Type: release
00:00:00.000270 main     OS Product: Linux
00:00:00.000271 main     OS Release: 4.14.65-gentoo
00:00:00.000272 main     OS Version: #28 SMP Fri Oct 5 09:34:14 PDT 2018
00:00:00.000294 main     DMI Product Name: XPS 13 9350
00:00:00.000302 main     DMI Product Version: 
00:00:00.000339 main     Host RAM: 7808MB (7.6GB) total, 4821MB (4.7GB) available
00:00:00.000343 main     Executable: /usr/lib64/virtualbox/VBoxSVC
00:00:00.000343 main     Process ID: 29853
00:00:00.000344 main     Package type: LINUX_64BITS_GENERIC (OSE)
00:00:00.001497 main     IPC socket path: /tmp/.vbox-craig-ipc/ipcd
00:00:00.104834 nspr-2   VirtualBox: object creation starts
00:00:00.105052 nspr-2   Home directory: '/home/craig/.config/VirtualBox'
00:00:00.106711 nspr-2   Loading settings file "/home/craig/.config/VirtualBox/VirtualBox.xml" with version "1.12-linux"
00:00:00.113767 nspr-2   USB: Unknown USB device detected (idVendor: 0x8087, idProduct: 0x0a2b)
00:00:00.113929 nspr-2   Successfully initialised host USB using sysfs
00:00:00.120183 nspr-2   Failed to retrive disk info: getDiskName(/dev/mapper/vg01-rootfs) --> vg01-rootfs
00:00:00.139833 nspr-2   NetIfAdpCtlOut: VBoxNetAdpCtl: Error while retrieving link speed for docker_gwbridge: VBoxNetAdpCtl: ioctl failed: Operation not supported
00:00:00.151184 nspr-2   NetIfAdpCtlOut: VBoxNetAdpCtl: Error while retrieving link speed for wlp58s0: VBoxNetAdpCtl: ioctl failed: Operation not supported
00:00:00.153172 nspr-2   NAT: resolv.conf: nameserver 172.20.10.1
00:00:00.153230 nspr-2   HostDnsMonitor: old information
00:00:00.153240 nspr-2     no server entries
00:00:00.153248 nspr-2     no domain set
00:00:00.153255 nspr-2     no search string entries
00:00:00.153262 nspr-2   HostDnsMonitor: new information
00:00:00.153269 nspr-2     server 1: 172.20.10.1
00:00:00.153277 nspr-2     no domain set
00:00:00.153283 nspr-2     no search string entries
00:00:00.153298 nspr-2   HostDnsMonitorProxy::notify
00:00:00.153421 nspr-2   Failed to open "/dev/vboxdrvu", errno=13, rc=VERR_VM_DRIVER_NOT_ACCESSIBLE
00:00:00.155606 nspr-2   VD: VDInit finished with VINF_SUCCESS
00:00:00.172202 nspr-2   Loading settings file "/home/craig/VirtualBox VMs/ubuntu/ubuntu.vbox" with version "1.16-linux"
00:00:00.177543 nspr-2   VirtualBox: object created
00:00:05.188276 nspr-3   Failed to open "/dev/vboxdrvu", errno=13, rc=VERR_VM_DRIVER_NOT_ACCESSIBLE
00:00:05.190110 nspr-5   Failed to open "/dev/vboxdrvu", errno=13, rc=VERR_VM_DRIVER_NOT_ACCESSIBLE
00:00:25.888862 nspr-5   Saving settings file "/home/craig/VirtualBox VMs/arch/arch.vbox" with version "1.16-linux"
00:00:25.959849 nspr-2   Saving settings file "/home/craig/VirtualBox VMs/arch/arch.vbox" with version "1.16-linux"
00:00:25.969352 nspr-2   Saving settings file "/home/craig/.config/VirtualBox/VirtualBox.xml" with version "1.12-linux"
00:00:25.985881 nspr-2   Saving settings file "/home/craig/VirtualBox VMs/arch/arch.vbox" with version "1.16-linux"
00:00:26.035110 nspr-2   ERROR [COM]: aRC=NS_ERROR_FAILURE (0x80004005) aIID={85cd948e-a71f-4289-281e-0ca7ad48cd89} aComponent={MachineWrap} aText={This machine does not have any snapshots}, preserve=false aResultDetail=0
00:00:28.582911 nspr-3   Failed to open "/dev/vboxdrvu", errno=13, rc=VERR_VM_DRIVER_NOT_ACCESSIBLE
00:00:28.774777 nspr-2   Failed to open "/dev/vboxdrvu", errno=13, rc=VERR_VM_DRIVER_NOT_ACCESSIBLE
00:00:28.790958 nspr-3   NetIfAdpCtlOut: VBoxNetAdpCtl: Error while retrieving link speed for docker_gwbridge: VBoxNetAdpCtl: ioctl failed: Operation not supported
00:00:28.794736 nspr-3   NetIfAdpCtlOut: VBoxNetAdpCtl: Error while retrieving link speed for wlp58s0: VBoxNetAdpCtl: ioctl failed: Operation not supported
00:00:28.805987 nspr-2   NetIfAdpCtlOut: VBoxNetAdpCtl: Error while retrieving link speed for docker_gwbridge: VBoxNetAdpCtl: ioctl failed: Operation not supported
00:00:28.810613 nspr-2   NetIfAdpCtlOut: VBoxNetAdpCtl: Error while retrieving link speed for wlp58s0: VBoxNetAdpCtl: ioctl failed: Operation not supported
00:00:49.832872 nspr-3   Saving settings file "/home/craig/.config/VirtualBox/VirtualBox.xml" with version "1.12-linux"
00:01:09.443954 nspr-4   Saving settings file "/home/craig/VirtualBox VMs/arch/arch.vbox" with version "1.16-linux"
00:01:09.482365 nspr-2   Saving settings file "/home/craig/VirtualBox VMs/arch/arch.vbox" with version "1.16-linux"
00:01:16.265058 nspr-6   Load [/usr/lib64/virtualbox/ExtensionPacks/Oracle_VM_VirtualBox_Extension_Pack/linux.amd64/VBoxHostWebcam.so] rc VINF_SUCCESS
00:01:16.477878 nspr-2   ERROR [COM]: aRC=VBOX_E_IPRT_ERROR (0x80bb0005) aIID={85cd948e-a71f-4289-281e-0ca7ad48cd89} aComponent={SessionMachine} aText={Saved screenshot data is not available (VERR_NOT_SUPPORTED)}, preserve=false aResultDetail=0
00:01:16.498300 nspr-6   NetIfAdpCtlOut: VBoxNetAdpCtl: Error while retrieving link speed for docker_gwbridge: VBoxNetAdpCtl: ioctl failed: Operation not supported
00:01:16.502953 nspr-6   NetIfAdpCtlOut: VBoxNetAdpCtl: Error while retrieving link speed for wlp58s0: VBoxNetAdpCtl: ioctl failed: Operation not supported
00:01:16.541623 nspr-6   Failed to open "/dev/vboxdrvu", errno=13, rc=VERR_VM_DRIVER_NOT_ACCESSIBLE
00:06:19.994586 USBPROXY USBProxyBackendLinux: Device 0930:6545 (sysfs:/sys/devices/pci0000:00/0000:00:14.0/usb1/1-1//device:/dev/vboxusb/001/009) isn't accessible. giving udev a few seconds to fix this...
00:09:21.664312 USBPROXY USBProxyBackendLinux: Device 05ac:12a8 (sysfs:/sys/devices/pci0000:00/0000:00:14.0/usb1/1-1//device:/dev/vboxusb/001/010) isn't accessible. giving udev a few seconds to fix this...
00:12:23.764247 nspr-7   Failed to open "/dev/vboxdrvu", errno=13, rc=VERR_VM_DRIVER_NOT_ACCESSIBLE
00:12:23.882575 nspr-3   Failed to open "/dev/vboxdrvu", errno=13, rc=VERR_VM_DRIVER_NOT_ACCESSIBLE
00:12:23.907768 nspr-3   NetIfAdpCtlOut: VBoxNetAdpCtl: Error while retrieving link speed for docker_gwbridge: VBoxNetAdpCtl: ioctl failed: Operation not supported
00:12:23.915175 nspr-3   NetIfAdpCtlOut: VBoxNetAdpCtl: Error while retrieving link speed for wlp58s0: VBoxNetAdpCtl: ioctl failed: Operation not supported
00:12:23.932058 nspr-5   NetIfAdpCtlOut: VBoxNetAdpCtl: Error while retrieving link speed for docker_gwbridge: VBoxNetAdpCtl: ioctl failed: Operation not supported
00:12:23.937394 nspr-5   NetIfAdpCtlOut: VBoxNetAdpCtl: Error while retrieving link speed for wlp58s0: VBoxNetAdpCtl: ioctl failed: Operation not supported
00:12:40.705502 nspr-4   Saving settings file "/home/craig/VirtualBox VMs/arch/arch.vbox" with version "1.16-linux"
00:12:40.750031 nspr-8   Saving settings file "/home/craig/VirtualBox VMs/arch/arch.vbox" with version "1.16-linux"
00:13:05.652825 nspr-6   Failed to open "/dev/vboxdrvu", errno=13, rc=VERR_VM_DRIVER_NOT_ACCESSIBLE
00:13:05.744234 nspr-5   Failed to open "/dev/vboxdrvu", errno=13, rc=VERR_VM_DRIVER_NOT_ACCESSIBLE
00:13:05.764576 nspr-6   NetIfAdpCtlOut: VBoxNetAdpCtl: Error while retrieving link speed for docker_gwbridge: VBoxNetAdpCtl: ioctl failed: Operation not supported
00:13:05.770453 nspr-6   NetIfAdpCtlOut: VBoxNetAdpCtl: Error while retrieving link speed for wlp58s0: VBoxNetAdpCtl: ioctl failed: Operation not supported
00:13:05.781685 nspr-4   NetIfAdpCtlOut: VBoxNetAdpCtl: Error while retrieving link speed for docker_gwbridge: VBoxNetAdpCtl: ioctl failed: Operation not supported
00:13:05.787016 nspr-4   NetIfAdpCtlOut: VBoxNetAdpCtl: Error while retrieving link speed for wlp58s0: VBoxNetAdpCtl: ioctl failed: Operation not supported
00:14:10.224062 nspr-6   Load [/usr/lib64/virtualbox/ExtensionPacks/Oracle_VM_VirtualBox_Extension_Pack/linux.amd64/VBoxHostWebcam.so] rc VINF_SUCCESS
00:14:10.271893 nspr-2   ERROR [COM]: aRC=VBOX_E_IPRT_ERROR (0x80bb0005) aIID={85cd948e-a71f-4289-281e-0ca7ad48cd89} aComponent={SessionMachine} aText={Saved screenshot data is not available (VERR_NOT_SUPPORTED)}, preserve=false aResultDetail=0
00:14:10.293816 nspr-7   NetIfAdpCtlOut: VBoxNetAdpCtl: Error while retrieving link speed for docker_gwbridge: VBoxNetAdpCtl: ioctl failed: Operation not supported
00:14:10.302920 nspr-7   NetIfAdpCtlOut: VBoxNetAdpCtl: Error while retrieving link speed for wlp58s0: VBoxNetAdpCtl: ioctl failed: Operation not supported
00:14:10.345790 nspr-6   Failed to open "/dev/vboxdrvu", errno=13, rc=VERR_VM_DRIVER_NOT_ACCESSIBLE
00:22:17.874777 nspr-3   Saving settings file "/home/craig/VirtualBox VMs/arch/arch.vbox" with version "1.16-linux"
00:22:17.991934 nspr-6   ERROR [COM]: aRC=VBOX_E_IPRT_ERROR (0x80bb0005) aIID={85cd948e-a71f-4289-281e-0ca7ad48cd89} aComponent={SessionMachine} aText={Saved screenshot data is not available (VERR_NOT_SUPPORTED)}, preserve=false aResultDetail=0
01:06:12.763408 nspr-4   Saving settings file "/home/craig/.config/VirtualBox/VirtualBox.xml" with version "1.12-linux"
01:06:30.382448 nspr-7   Saving settings file "/home/craig/.config/VirtualBox/VirtualBox.xml" with version "1.12-linux"
02:46:55.930878 nspr-2   Saving settings file "/home/craig/VirtualBox VMs/arch/arch.vbox" with version "1.16-linux"
02:46:55.973146 nspr-4   Saving settings file "/home/craig/VirtualBox VMs/arch/arch.vbox" with version "1.16-linux"
02:46:56.001873 nspr-5   Saving settings file "/home/craig/VirtualBox VMs/arch/arch.vbox" with version "1.16-linux"
02:47:03.102026 nspr-3   Saving settings file "/home/craig/.config/VirtualBox/VirtualBox.xml" with version "1.12-linux"
02:47:03.146047 nspr-2   Saving settings file "/home/craig/.config/VirtualBox/VirtualBox.xml" with version "1.12-linux"
02:47:03.176270 nspr-5   Saving settings file "/home/craig/.config/VirtualBox/VirtualBox.xml" with version "1.12-linux"
02:47:03.194024 nspr-7   Saving settings file "/home/craig/.config/VirtualBox/VirtualBox.xml" with version "1.12-linux"
02:47:03.217176 nspr-5   Saving settings file "/home/craig/.config/VirtualBox/VirtualBox.xml" with version "1.12-linux"
02:47:08.755768 main     VirtualBox: object deletion starts
02:47:08.755871 main     ERROR [COM]: aRC=VBOX_E_OBJECT_IN_USE (0x80bb000c) aIID={4afe423b-43e0-e9d0-82e8-ceb307940dda} aComponent={MediumWrap} aText={Medium '/home/craig/VirtualBox VMs/ubuntu/ubuntu.vdi' cannot be closed because it is still attached to 1 virtual machines}, preserve=false aResultDetail=0
02:47:08.756369 main     ERROR [COM]: aRC=VBOX_E_OBJECT_IN_USE (0x80bb000c) aIID={4afe423b-43e0-e9d0-82e8-ceb307940dda} aComponent={MediumWrap} aText={Medium '/home/craig/VirtualBox VMs/arch/arch.vdi' cannot be closed because it is still attached to 1 virtual machines}, preserve=false aResultDetail=0
02:47:08.760085 Watcher  ERROR [COM]: aRC=E_ACCESSDENIED (0x80070005) aIID={9570b9d5-f1a1-448a-10c5-e12f5285adad} aComponent={VirtualBoxWrap} aText={The object is not ready}, preserve=false aResultDetail=0
02:47:08.760635 main     VirtualBox: object deleted
